<?xml version="1.0" encoding="UTF-8"?>
<!-- Generated by org.testng.reporters.JUnitXMLReporter -->
<testsuite hostname="DESKTOP-FDVQC09" name="Free CRM Application Test" tests="17" failures="1" timestamp="25 Aug 2019 15:28:26 GMT" time="1212.551" errors="0">
  <testcase name="loginPageTitleTest" time="0.026" classname="com.crm.qa.testcase.LoginPageTest"/>
  <testcase name="crmLogoImageTest" time="0.114" classname="com.crm.qa.testcase.LoginPageTest"/>
  <testcase name="loginTest" time="9.621" classname="com.crm.qa.testcase.LoginPageTest"/>
  <testcase name="verifyHomepageTitleTest" time="0.019" classname="com.crm.qa.testcase.HomePageTest"/>
  <testcase name="verifyUserName" time="0.231" classname="com.crm.qa.testcase.HomePageTest"/>
  <testcase name="clickOnContactTest" time="3.066" classname="com.crm.qa.testcase.HomePageTest"/>
  <testcase name="clickOnDealsTest" time="2.76" classname="com.crm.qa.testcase.HomePageTest"/>
  <testcase name="clickOnTaskTest" time="3.543" classname="com.crm.qa.testcase.HomePageTest"/>
  <testcase name="verifyCalendarPageTest" time="0.049" classname="com.crm.qa.testcase.CalendarPageTest"/>
  <testcase name="verifyContactPageTest" time="0.101" classname="com.crm.qa.testcase.ContactPageTest"/>
  <testcase name="selectContactCheckboxTest" time="700.915" classname="com.crm.qa.testcase.ContactPageTest">
    <failure type="org.openqa.selenium.NoSuchElementException" message="no such element: Unable to locate element: {&amp;quot;method&amp;quot;:&amp;quot;xpath&amp;quot;,&amp;quot;selector&amp;quot;:&amp;quot;//a[text()=&amp;apos;Kumar Sharma&amp;apos;]//parent::td[@class=&amp;apos;datalistrow&amp;apos;] //preceding-sibling::td[@class=&amp;apos;datalistrow&amp;apos;]//input[@name=&amp;apos;contact_id&amp;apos;]&amp;quot;}
  (Session info: chrome=76.0.3809.100)
  (Driver info: chromedriver=2.38.552522 (437e6fbedfa8762dec75e2c5b3ddb86763dc9dcb),platform=Windows NT 10.0.10240 x86_64) (WARNING: The server did not provide any stacktrace information)
Command duration or timeout: 700.10 seconds
For documentation on this error, please visit: http://seleniumhq.org/exceptions/no_such_element.html
Build info: version: &amp;apos;3.0.1&amp;apos;, revision: &amp;apos;1969d75&amp;apos;, time: &amp;apos;2016-10-18 09:49:13 -0700&amp;apos;
System info: host: &amp;apos;DESKTOP-FDVQC09&amp;apos;, ip: &amp;apos;192.168.43.13&amp;apos;, os.name: &amp;apos;Windows 10&amp;apos;, os.arch: &amp;apos;x86&amp;apos;, os.version: &amp;apos;10.0&amp;apos;, java.version: &amp;apos;1.8.0_171&amp;apos;
Driver info: org.openqa.selenium.chrome.ChromeDriver
Capabilities [{applicationCacheEnabled=false, rotatable=false, mobileEmulationEnabled=false, networkConnectionEnabled=false, chrome={chromedriverVersion=2.38.552522 (437e6fbedfa8762dec75e2c5b3ddb86763dc9dcb), userDataDir=C:\Users\Jitendra\AppData\Local\Temp\scoped_dir4812_22196}, takesHeapSnapshot=true, pageLoadStrategy=normal, databaseEnabled=false, handlesAlerts=true, hasTouchScreen=false, version=76.0.3809.100, platform=XP, browserConnectionEnabled=false, nativeEvents=true, acceptSslCerts=false, acceptInsecureCerts=false, locationContextEnabled=true, webStorageEnabled=true, browserName=chrome, takesScreenshot=true, javascriptEnabled=true, cssSelectorsEnabled=true, setWindowRect=true, unexpectedAlertBehaviour=}]
Session ID: 82f5cdab9197eba102306d5026b0a189
*** Element info: {Using=xpath, value=//a[text()=&amp;apos;Kumar Sharma&amp;apos;]//parent::td[@class=&amp;apos;datalistrow&amp;apos;] //preceding-sibling::td[@class=&amp;apos;datalistrow&amp;apos;]//input[@name=&amp;apos;contact_id&amp;apos;]}">
      <![CDATA[org.openqa.selenium.NoSuchElementException: no such element: Unable to locate element: {"method":"xpath","selector":"//a[text()='Kumar Sharma']//parent::td[@class='datalistrow'] //preceding-sibling::td[@class='datalistrow']//input[@name='contact_id']"}
  (Session info: chrome=76.0.3809.100)
  (Driver info: chromedriver=2.38.552522 (437e6fbedfa8762dec75e2c5b3ddb86763dc9dcb),platform=Windows NT 10.0.10240 x86_64) (WARNING: The server did not provide any stacktrace information)
Command duration or timeout: 700.10 seconds
For documentation on this error, please visit: http://seleniumhq.org/exceptions/no_such_element.html
Build info: version: '3.0.1', revision: '1969d75', time: '2016-10-18 09:49:13 -0700'
System info: host: 'DESKTOP-FDVQC09', ip: '192.168.43.13', os.name: 'Windows 10', os.arch: 'x86', os.version: '10.0', java.version: '1.8.0_171'
Driver info: org.openqa.selenium.chrome.ChromeDriver
Capabilities [{applicationCacheEnabled=false, rotatable=false, mobileEmulationEnabled=false, networkConnectionEnabled=false, chrome={chromedriverVersion=2.38.552522 (437e6fbedfa8762dec75e2c5b3ddb86763dc9dcb), userDataDir=C:\Users\Jitendra\AppData\Local\Temp\scoped_dir4812_22196}, takesHeapSnapshot=true, pageLoadStrategy=normal, databaseEnabled=false, handlesAlerts=true, hasTouchScreen=false, version=76.0.3809.100, platform=XP, browserConnectionEnabled=false, nativeEvents=true, acceptSslCerts=false, acceptInsecureCerts=false, locationContextEnabled=true, webStorageEnabled=true, browserName=chrome, takesScreenshot=true, javascriptEnabled=true, cssSelectorsEnabled=true, setWindowRect=true, unexpectedAlertBehaviour=}]
Session ID: 82f5cdab9197eba102306d5026b0a189
*** Element info: {Using=xpath, value=//a[text()='Kumar Sharma']//parent::td[@class='datalistrow'] //preceding-sibling::td[@class='datalistrow']//input[@name='contact_id']}
	at org.openqa.selenium.remote.ErrorHandler.createThrowable(ErrorHandler.java:216)
	at org.openqa.selenium.remote.ErrorHandler.throwIfResponseFailed(ErrorHandler.java:168)
	at org.openqa.selenium.remote.RemoteWebDriver.execute(RemoteWebDriver.java:635)
	at org.openqa.selenium.remote.RemoteWebDriver.findElement(RemoteWebDriver.java:368)
	at org.openqa.selenium.remote.RemoteWebDriver.findElementByXPath(RemoteWebDriver.java:473)
	at org.openqa.selenium.By$ByXPath.findElement(By.java:361)
	at org.openqa.selenium.remote.RemoteWebDriver.findElement(RemoteWebDriver.java:360)
	at org.openqa.selenium.support.events.EventFiringWebDriver$2.invoke(EventFiringWebDriver.java:103)
	at com.sun.proxy.$Proxy10.findElement(Unknown Source)
	at org.openqa.selenium.support.events.EventFiringWebDriver.findElement(EventFiringWebDriver.java:187)
	at com.crm.qa.page.ContactsPage.verifyContactName(ContactsPage.java:112)
	at com.crm.qa.testcase.ContactPageTest.selectContactCheckboxTest(ContactPageTest.java:48)
... Removed 31 stack frames]]>
    </failure>
  </testcase> <!-- selectContactCheckboxTest -->
  <testcase name="validateCreateNewContact" time="25.74" classname="com.crm.qa.testcase.ContactPageTest"/>
  <testcase name="validateCreateNewContact" time="18.483" classname="com.crm.qa.testcase.ContactPageTest"/>
  <testcase name="validateCreateNewContact" time="17.294" classname="com.crm.qa.testcase.ContactPageTest"/>
  <testcase name="verifyDealsLabelTest" time="0.141" classname="com.crm.qa.testcase.DealsPageTest"/>
  <testcase name="verifyTaskLabelTest" time="0.091" classname="com.crm.qa.testcase.TasksPageTest"/>
  <testcase name="verifyCasePageTest" time="0.069" classname="com.crm.qa.testcase.CasePageTest"/>
</testsuite> <!-- Free CRM Application Test -->
