<html>
<head>
<title>TestNG:  Free CRM Application Test</title>
<link href="../testng.css" rel="stylesheet" type="text/css" />
<link href="../my-testng.css" rel="stylesheet" type="text/css" />

<style type="text/css">
.log { display: none;} 
.stack-trace { display: none;} 
</style>
<script type="text/javascript">
<!--
function flip(e) {
  current = e.style.display;
  if (current == 'block') {
    e.style.display = 'none';
    return 0;
  }
  else {
    e.style.display = 'block';
    return 1;
  }
}

function toggleBox(szDivId, elem, msg1, msg2)
{
  var res = -1;  if (document.getElementById) {
    res = flip(document.getElementById(szDivId));
  }
  else if (document.all) {
    // this is the way old msie versions work
    res = flip(document.all[szDivId]);
  }
  if(elem) {
    if(res == 0) elem.innerHTML = msg1; else elem.innerHTML = msg2;
  }

}

function toggleAllBoxes() {
  if (document.getElementsByTagName) {
    d = document.getElementsByTagName('div');
    for (i = 0; i < d.length; i++) {
      if (d[i].className == 'log') {
        flip(d[i]);
      }
    }
  }
}

// -->
</script>

</head>
<body>
<h2 align='center'>Free CRM Application Test</h2><table border='1' align="center">
<tr>
<td>Tests passed/Failed/Skipped:</td><td>16/1/0</td>
</tr><tr>
<td>Started on:</td><td>Sun Aug 25 20:38:13 IST 2019</td>
</tr>
<tr><td>Total time:</td><td>1212 seconds (1212551 ms)</td>
</tr><tr>
<td>Included groups:</td><td></td>
</tr><tr>
<td>Excluded groups:</td><td></td>
</tr>
</table><p/>
<small><i>(Hover the method name to see the test class name)</i></small><p/>
<table width='100%' border='1' class='invocation-failed'>
<tr><td colspan='4' align='center'><b>FAILED TESTS</b></td></tr>
<tr><td><b>Test method</b></td>
<td width="30%"><b>Exception</b></td>
<td width="10%"><b>Time (seconds)</b></td>
<td><b>Instance</b></td>
</tr>
<tr>
<td title='com.crm.qa.testcase.ContactPageTest.selectContactCheckboxTest()'><b>selectContactCheckboxTest</b><br>Test class: com.crm.qa.testcase.ContactPageTest</td>
<td><div><pre>org.openqa.selenium.NoSuchElementException: no such element: Unable to locate element: {&quot;method&quot;:&quot;xpath&quot;,&quot;selector&quot;:&quot;//a[text()=&apos;Kumar Sharma&apos;]//parent::td[@class=&apos;datalistrow&apos;] //preceding-sibling::td[@class=&apos;datalistrow&apos;]//input[@name=&apos;contact_id&apos;]&quot;}
  (Session info: chrome=76.0.3809.100)
  (Driver info: chromedriver=2.38.552522 (437e6fbedfa8762dec75e2c5b3ddb86763dc9dcb),platform=Windows NT 10.0.10240 x86_64) (WARNING: The server did not provide any stacktrace information)
Command duration or timeout: 700.10 seconds
For documentation on this error, please visit: http://seleniumhq.org/exceptions/no_such_element.html
Build info: version: &apos;3.0.1&apos;, revision: &apos;1969d75&apos;, time: &apos;2016-10-18 09:49:13 -0700&apos;
System info: host: &apos;DESKTOP-FDVQC09&apos;, ip: &apos;192.168.43.13&apos;, os.name: &apos;Windows 10&apos;, os.arch: &apos;x86&apos;, os.version: &apos;10.0&apos;, java.version: &apos;1.8.0_171&apos;
Driver info: org.openqa.selenium.chrome.ChromeDriver
Capabilities [{applicationCacheEnabled=false, rotatable=false, mobileEmulationEnabled=false, networkConnectionEnabled=false, chrome={chromedriverVersion=2.38.552522 (437e6fbedfa8762dec75e2c5b3ddb86763dc9dcb), userDataDir=C:\Users\Jitendra\AppData\Local\Temp\scoped_dir4812_22196}, takesHeapSnapshot=true, pageLoadStrategy=normal, databaseEnabled=false, handlesAlerts=true, hasTouchScreen=false, version=76.0.3809.100, platform=XP, browserConnectionEnabled=false, nativeEvents=true, acceptSslCerts=false, acceptInsecureCerts=false, locationContextEnabled=true, webStorageEnabled=true, browserName=chrome, takesScreenshot=true, javascriptEnabled=true, cssSelectorsEnabled=true, setWindowRect=true, unexpectedAlertBehaviour=}]
Session ID: 82f5cdab9197eba102306d5026b0a189
*** Element info: {Using=xpath, value=//a[text()=&apos;Kumar Sharma&apos;]//parent::td[@class=&apos;datalistrow&apos;] //preceding-sibling::td[@class=&apos;datalistrow&apos;]//input[@name=&apos;contact_id&apos;]}
	at org.openqa.selenium.remote.ErrorHandler.createThrowable(ErrorHandler.java:216)
	at org.openqa.selenium.remote.ErrorHandler.throwIfResponseFailed(ErrorHandler.java:168)
	at org.openqa.selenium.remote.RemoteWebDriver.execute(RemoteWebDriver.java:635)
	at org.openqa.selenium.remote.RemoteWebDriver.findElement(RemoteWebDriver.java:368)
	at org.openqa.selenium.remote.RemoteWebDriver.findElementByXPath(RemoteWebDriver.java:473)
	at org.openqa.selenium.By$ByXPath.findElement(By.java:361)
	at org.openqa.selenium.remote.RemoteWebDriver.findElement(RemoteWebDriver.java:360)
	at org.openqa.selenium.support.events.EventFiringWebDriver$2.invoke(EventFiringWebDriver.java:103)
	at com.sun.proxy.$Proxy10.findElement(Unknown Source)
	at org.openqa.selenium.support.events.EventFiringWebDriver.findElement(EventFiringWebDriver.java:187)
	at com.crm.qa.page.ContactsPage.verifyContactName(ContactsPage.java:112)
	at com.crm.qa.testcase.ContactPageTest.selectContactCheckboxTest(ContactPageTest.java:48)
... Removed 31 stack frames</pre></div><a href='#' onClick='toggleBox("stack-trace23969440", this, "Click to show all stack frames", "Click to hide stack frames")'>Click to show all stack frames</a>
<div class='stack-trace' id='stack-trace23969440'><pre>org.openqa.selenium.NoSuchElementException: no such element: Unable to locate element: {&quot;method&quot;:&quot;xpath&quot;,&quot;selector&quot;:&quot;//a[text()=&apos;Kumar Sharma&apos;]//parent::td[@class=&apos;datalistrow&apos;] //preceding-sibling::td[@class=&apos;datalistrow&apos;]//input[@name=&apos;contact_id&apos;]&quot;}
  (Session info: chrome=76.0.3809.100)
  (Driver info: chromedriver=2.38.552522 (437e6fbedfa8762dec75e2c5b3ddb86763dc9dcb),platform=Windows NT 10.0.10240 x86_64) (WARNING: The server did not provide any stacktrace information)
Command duration or timeout: 700.10 seconds
For documentation on this error, please visit: http://seleniumhq.org/exceptions/no_such_element.html
Build info: version: &apos;3.0.1&apos;, revision: &apos;1969d75&apos;, time: &apos;2016-10-18 09:49:13 -0700&apos;
System info: host: &apos;DESKTOP-FDVQC09&apos;, ip: &apos;192.168.43.13&apos;, os.name: &apos;Windows 10&apos;, os.arch: &apos;x86&apos;, os.version: &apos;10.0&apos;, java.version: &apos;1.8.0_171&apos;
Driver info: org.openqa.selenium.chrome.ChromeDriver
Capabilities [{applicationCacheEnabled=false, rotatable=false, mobileEmulationEnabled=false, networkConnectionEnabled=false, chrome={chromedriverVersion=2.38.552522 (437e6fbedfa8762dec75e2c5b3ddb86763dc9dcb), userDataDir=C:\Users\Jitendra\AppData\Local\Temp\scoped_dir4812_22196}, takesHeapSnapshot=true, pageLoadStrategy=normal, databaseEnabled=false, handlesAlerts=true, hasTouchScreen=false, version=76.0.3809.100, platform=XP, browserConnectionEnabled=false, nativeEvents=true, acceptSslCerts=false, acceptInsecureCerts=false, locationContextEnabled=true, webStorageEnabled=true, browserName=chrome, takesScreenshot=true, javascriptEnabled=true, cssSelectorsEnabled=true, setWindowRect=true, unexpectedAlertBehaviour=}]
Session ID: 82f5cdab9197eba102306d5026b0a189
*** Element info: {Using=xpath, value=//a[text()=&apos;Kumar Sharma&apos;]//parent::td[@class=&apos;datalistrow&apos;] //preceding-sibling::td[@class=&apos;datalistrow&apos;]//input[@name=&apos;contact_id&apos;]}
	at sun.reflect.NativeConstructorAccessorImpl.newInstance0(Native Method)
	at sun.reflect.NativeConstructorAccessorImpl.newInstance(Unknown Source)
	at sun.reflect.DelegatingConstructorAccessorImpl.newInstance(Unknown Source)
	at java.lang.reflect.Constructor.newInstance(Unknown Source)
	at org.openqa.selenium.remote.ErrorHandler.createThrowable(ErrorHandler.java:216)
	at org.openqa.selenium.remote.ErrorHandler.throwIfResponseFailed(ErrorHandler.java:168)
	at org.openqa.selenium.remote.RemoteWebDriver.execute(RemoteWebDriver.java:635)
	at org.openqa.selenium.remote.RemoteWebDriver.findElement(RemoteWebDriver.java:368)
	at org.openqa.selenium.remote.RemoteWebDriver.findElementByXPath(RemoteWebDriver.java:473)
	at org.openqa.selenium.By$ByXPath.findElement(By.java:361)
	at org.openqa.selenium.remote.RemoteWebDriver.findElement(RemoteWebDriver.java:360)
	at sun.reflect.GeneratedMethodAccessor17.invoke(Unknown Source)
	at sun.reflect.DelegatingMethodAccessorImpl.invoke(Unknown Source)
	at java.lang.reflect.Method.invoke(Unknown Source)
	at org.openqa.selenium.support.events.EventFiringWebDriver$2.invoke(EventFiringWebDriver.java:103)
	at com.sun.proxy.$Proxy10.findElement(Unknown Source)
	at org.openqa.selenium.support.events.EventFiringWebDriver.findElement(EventFiringWebDriver.java:187)
	at com.crm.qa.page.ContactsPage.verifyContactName(ContactsPage.java:112)
	at com.crm.qa.testcase.ContactPageTest.selectContactCheckboxTest(ContactPageTest.java:48)
	at sun.reflect.NativeMethodAccessorImpl.invoke0(Native Method)
	at sun.reflect.NativeMethodAccessorImpl.invoke(Unknown Source)
	at sun.reflect.DelegatingMethodAccessorImpl.invoke(Unknown Source)
	at java.lang.reflect.Method.invoke(Unknown Source)
	at org.testng.internal.MethodInvocationHelper.invokeMethod(MethodInvocationHelper.java:85)
	at org.testng.internal.Invoker.invokeMethod(Invoker.java:696)
	at org.testng.internal.Invoker.invokeTestMethod(Invoker.java:882)
	at org.testng.internal.Invoker.invokeTestMethods(Invoker.java:1189)
	at org.testng.internal.TestMethodWorker.invokeTestMethods(TestMethodWorker.java:124)
	at org.testng.internal.TestMethodWorker.run(TestMethodWorker.java:108)
	at org.testng.TestRunner.privateRun(TestRunner.java:767)
	at org.testng.TestRunner.run(TestRunner.java:617)
	at org.testng.SuiteRunner.runTest(SuiteRunner.java:348)
	at org.testng.SuiteRunner.runSequentially(SuiteRunner.java:343)
	at org.testng.SuiteRunner.privateRun(SuiteRunner.java:305)
	at org.testng.SuiteRunner.run(SuiteRunner.java:254)
	at org.testng.SuiteRunnerWorker.runSuite(SuiteRunnerWorker.java:52)
	at org.testng.SuiteRunnerWorker.run(SuiteRunnerWorker.java:86)
	at org.testng.TestNG.runSuitesSequentially(TestNG.java:1224)
	at org.testng.TestNG.runSuitesLocally(TestNG.java:1149)
	at org.testng.TestNG.run(TestNG.java:1057)
	at org.testng.remote.AbstractRemoteTestNG.run(AbstractRemoteTestNG.java:126)
	at org.testng.remote.RemoteTestNG.initAndRun(RemoteTestNG.java:137)
	at org.testng.remote.RemoteTestNG.main(RemoteTestNG.java:58)
</pre></div></td>
<td>700</td>
<td>com.crm.qa.testcase.ContactPageTest@166e5bd</td></tr>
</table><p>
<table width='100%' border='1' class='invocation-passed'>
<tr><td colspan='4' align='center'><b>PASSED TESTS</b></td></tr>
<tr><td><b>Test method</b></td>
<td width="30%"><b>Exception</b></td>
<td width="10%"><b>Time (seconds)</b></td>
<td><b>Instance</b></td>
</tr>
<tr>
<td title='com.crm.qa.testcase.HomePageTest.clickOnContactTest()'><b>clickOnContactTest</b><br>Test class: com.crm.qa.testcase.HomePageTest</td>
<td></td>
<td>3</td>
<td>com.crm.qa.testcase.HomePageTest@1805618</td></tr>
<tr>
<td title='com.crm.qa.testcase.HomePageTest.clickOnDealsTest()'><b>clickOnDealsTest</b><br>Test class: com.crm.qa.testcase.HomePageTest</td>
<td></td>
<td>2</td>
<td>com.crm.qa.testcase.HomePageTest@1805618</td></tr>
<tr>
<td title='com.crm.qa.testcase.HomePageTest.clickOnTaskTest()'><b>clickOnTaskTest</b><br>Test class: com.crm.qa.testcase.HomePageTest</td>
<td></td>
<td>3</td>
<td>com.crm.qa.testcase.HomePageTest@1805618</td></tr>
<tr>
<td title='com.crm.qa.testcase.LoginPageTest.crmLogoImageTest()'><b>crmLogoImageTest</b><br>Test class: com.crm.qa.testcase.LoginPageTest</td>
<td></td>
<td>0</td>
<td>com.crm.qa.testcase.LoginPageTest@1bbe1b6</td></tr>
<tr>
<td title='com.crm.qa.testcase.LoginPageTest.loginPageTitleTest()'><b>loginPageTitleTest</b><br>Test class: com.crm.qa.testcase.LoginPageTest</td>
<td></td>
<td>0</td>
<td>com.crm.qa.testcase.LoginPageTest@1bbe1b6</td></tr>
<tr>
<td title='com.crm.qa.testcase.LoginPageTest.loginTest()'><b>loginTest</b><br>Test class: com.crm.qa.testcase.LoginPageTest</td>
<td></td>
<td>9</td>
<td>com.crm.qa.testcase.LoginPageTest@1bbe1b6</td></tr>
<tr>
<td title='com.crm.qa.testcase.ContactPageTest.validateCreateNewContact()'><b>validateCreateNewContact</b><br>Test class: com.crm.qa.testcase.ContactPageTest<br>Parameters: Mr., Dipak, abhi, Kumar, Sr., Dip, Google, Software Tester</td>
<td></td>
<td>25</td>
<td>com.crm.qa.testcase.ContactPageTest@166e5bd</td></tr>
<tr>
<td title='com.crm.qa.testcase.ContactPageTest.validateCreateNewContact()'><b>validateCreateNewContact</b><br>Test class: com.crm.qa.testcase.ContactPageTest<br>Parameters: Dr., Abhishek, vir, Jadhav, MD, Abhi, CGI, Developer</td>
<td></td>
<td>18</td>
<td>com.crm.qa.testcase.ContactPageTest@166e5bd</td></tr>
<tr>
<td title='com.crm.qa.testcase.ContactPageTest.validateCreateNewContact()'><b>validateCreateNewContact</b><br>Test class: com.crm.qa.testcase.ContactPageTest<br>Parameters: Mrs., Anita, kaul, Sharma, PhD, Any, CITI, QA</td>
<td></td>
<td>17</td>
<td>com.crm.qa.testcase.ContactPageTest@166e5bd</td></tr>
<tr>
<td title='com.crm.qa.testcase.CalendarPageTest.verifyCalendarPageTest()'><b>verifyCalendarPageTest</b><br>Test class: com.crm.qa.testcase.CalendarPageTest</td>
<td></td>
<td>0</td>
<td>com.crm.qa.testcase.CalendarPageTest@ef9176</td></tr>
<tr>
<td title='com.crm.qa.testcase.CasePageTest.verifyCasePageTest()'><b>verifyCasePageTest</b><br>Test class: com.crm.qa.testcase.CasePageTest</td>
<td></td>
<td>0</td>
<td>com.crm.qa.testcase.CasePageTest@1cab519</td></tr>
<tr>
<td title='com.crm.qa.testcase.ContactPageTest.verifyContactPageTest()'><b>verifyContactPageTest</b><br>Test class: com.crm.qa.testcase.ContactPageTest</td>
<td></td>
<td>0</td>
<td>com.crm.qa.testcase.ContactPageTest@166e5bd</td></tr>
<tr>
<td title='com.crm.qa.testcase.DealsPageTest.verifyDealsLabelTest()'><b>verifyDealsLabelTest</b><br>Test class: com.crm.qa.testcase.DealsPageTest</td>
<td></td>
<td>0</td>
<td>com.crm.qa.testcase.DealsPageTest@d4004b</td></tr>
<tr>
<td title='com.crm.qa.testcase.HomePageTest.verifyHomepageTitleTest()'><b>verifyHomepageTitleTest</b><br>Test class: com.crm.qa.testcase.HomePageTest</td>
<td></td>
<td>0</td>
<td>com.crm.qa.testcase.HomePageTest@1805618</td></tr>
<tr>
<td title='com.crm.qa.testcase.TasksPageTest.verifyTaskLabelTest()'><b>verifyTaskLabelTest</b><br>Test class: com.crm.qa.testcase.TasksPageTest</td>
<td></td>
<td>0</td>
<td>com.crm.qa.testcase.TasksPageTest@1f5b51f</td></tr>
<tr>
<td title='com.crm.qa.testcase.HomePageTest.verifyUserName()'><b>verifyUserName</b><br>Test class: com.crm.qa.testcase.HomePageTest</td>
<td></td>
<td>0</td>
<td>com.crm.qa.testcase.HomePageTest@1805618</td></tr>
</table><p>
</body>
</html>